<?xml version="1.0" encoding="UTF-8"?>
<!-- Generated by org.testng.reporters.JUnitReportReporter -->
<testsuite hostname="LAPTOP-1SFV9PNA" failures="0" tests="1" name="test.PlaceOrderTest" time="15.189" errors="0" timestamp="2025-09-01T16:23:13 IST" skipped="0">
  <testcase classname="test.PlaceOrderTest" name="placeOrderSuccessfully" time="15.189"/>
</testsuite> <!-- test.PlaceOrderTest -->
