<?xml version="1.0" encoding="UTF-8"?>
<!-- Generated by org.testng.reporters.JUnitReportReporter -->
<testsuite hostname="LAPTOP-1SFV9PNA" failures="0" tests="1" name="test.PlaceOrderTest" time="11.911" errors="0" timestamp="2025-09-03T10:58:57 IST" skipped="0">
  <testcase classname="test.PlaceOrderTest" name="placeOrderSuccessfully" time="11.911"/>
</testsuite> <!-- test.PlaceOrderTest -->
