<?xml version="1.0" encoding="UTF-8"?>
<!-- Generated by org.testng.reporters.JUnitReportReporter -->
<testsuite hostname="LAPTOP-1SFV9PNA" failures="0" tests="1" name="test.SignupLoginLogoutTest" time="40.219" errors="0" timestamp="2025-09-06T12:03:30 IST" skipped="0">
  <testcase classname="test.SignupLoginLogoutTest" name="signupLoginAndLogout" time="40.219"/>
</testsuite> <!-- test.SignupLoginLogoutTest -->
