<?xml version="1.0" encoding="UTF-8"?>
<!-- Generated by org.testng.reporters.JUnitReportReporter -->
<testsuite hostname="LAPTOP-1SFV9PNA" failures="0" tests="1" name="test.WrongPasswordTest" time="8.930" errors="0" timestamp="2025-09-06T12:03:30 IST" skipped="0">
  <testcase classname="test.WrongPasswordTest" name="loginWithWrongPassword" time="8.930"/>
</testsuite> <!-- test.WrongPasswordTest -->
