<?xml version="1.0" encoding="UTF-8"?>
<!-- Generated by org.testng.reporters.JUnitReportReporter -->
<testsuite hostname="LAPTOP-1SFV9PNA" failures="0" tests="1" name="test.SignupLoginTest" time="18.129" errors="0" timestamp="2025-09-01T08:59:57 IST" skipped="0">
  <testcase classname="test.SignupLoginTest" name="signupAndLogin" time="18.129"/>
</testsuite> <!-- test.SignupLoginTest -->
