<?xml version="1.0" encoding="UTF-8"?>
<!-- Generated by org.testng.reporters.JUnitReportReporter -->
<testsuite hostname="LAPTOP-1SFV9PNA" failures="0" tests="1" name="test.DeleteSpecificItemTest" time="23.486" errors="0" timestamp="2025-09-06T12:03:30 IST" skipped="0">
  <testcase classname="test.DeleteSpecificItemTest" name="deletingOneItemKeepsOtherAndUpdatesTotal" time="23.486"/>
</testsuite> <!-- test.DeleteSpecificItemTest -->
