<?xml version="1.0" encoding="UTF-8"?>
<!-- Generated by org.testng.reporters.JUnitReportReporter -->
<testsuite hostname="LAPTOP-1SFV9PNA" failures="0" tests="1" name="test.AddToCartTest" time="18.164" errors="0" timestamp="2025-09-01T16:23:13 IST" skipped="0">
  <testcase classname="test.AddToCartTest" name="addPhoneAndLaptopToCart" time="18.164"/>
</testsuite> <!-- test.AddToCartTest -->
