<?xml version="1.0" encoding="UTF-8"?>
<!-- Generated by org.testng.reporters.JUnitReportReporter -->
<testsuite hostname="LAPTOP-1SFV9PNA" failures="0" tests="1" name="test.AddToCartTest" time="13.398" errors="0" timestamp="2025-09-03T10:58:57 IST" skipped="0">
  <testcase classname="test.AddToCartTest" name="addPhoneAndLaptopToCart" time="13.398"/>
</testsuite> <!-- test.AddToCartTest -->
