<?xml version="1.0" encoding="UTF-8"?>
<!-- Generated by org.testng.reporters.JUnitReportReporter -->
<testsuite hostname="LAPTOP-1SFV9PNA" failures="0" tests="1" name="test.SignupLoginTest" time="17.557" errors="0" timestamp="2025-09-04T15:09:16 IST" skipped="0">
  <testcase classname="test.SignupLoginTest" name="signupAndLogin" time="17.557"/>
</testsuite> <!-- test.SignupLoginTest -->
