<?xml version="1.0" encoding="UTF-8"?>
<!-- Generated by org.testng.reporters.JUnitReportReporter -->
<testsuite hostname="LAPTOP-1SFV9PNA" failures="0" tests="1" name="test.CheckoutNegativeTest" time="11.125" errors="0" timestamp="2025-09-06T12:12:29 IST" skipped="0">
  <testcase classname="test.CheckoutNegativeTest" name="purchaseWithMissingFieldsShowsValidation" time="11.125"/>
</testsuite> <!-- test.CheckoutNegativeTest -->
