<?xml version="1.0" encoding="UTF-8"?>
<!-- Generated by org.testng.reporters.JUnitReportReporter -->
<testsuite hostname="LAPTOP-1SFV9PNA" failures="0" tests="1" name="test.AddToCartTest" time="15.977" errors="0" timestamp="2025-09-06T12:12:29 IST" skipped="0">
  <testcase classname="test.AddToCartTest" name="addPhoneAndLaptopToCart" time="15.977"/>
</testsuite> <!-- test.AddToCartTest -->
