<?xml version="1.0" encoding="UTF-8"?>
<!-- Generated by org.testng.reporters.JUnitReportReporter -->
<testsuite hostname="LAPTOP-1SFV9PNA" failures="0" tests="1" name="test.WrongPasswordTest" time="8.588" errors="0" timestamp="2025-09-01T16:17:30 IST" skipped="0">
  <testcase classname="test.WrongPasswordTest" name="loginWithWrongPassword" time="8.588"/>
</testsuite> <!-- test.WrongPasswordTest -->
