<?xml version="1.0" encoding="UTF-8"?>
<!-- Generated by org.testng.reporters.JUnitReportReporter -->
<testsuite hostname="LAPTOP-1SFV9PNA" failures="0" tests="1" name="test.SignupLoginLogoutTest" time="32.053" errors="0" timestamp="2025-09-04T15:09:16 IST" skipped="0">
  <testcase classname="test.SignupLoginLogoutTest" name="signupLoginAndLogout" time="32.053"/>
</testsuite> <!-- test.SignupLoginLogoutTest -->
