<?xml version="1.0" encoding="UTF-8"?>
<!-- Generated by org.testng.reporters.JUnitReportReporter -->
<testsuite hostname="LAPTOP-1SFV9PNA" failures="0" tests="1" name="test.SignupLoginTest" time="13.864" errors="0" timestamp="2025-09-06T12:12:29 IST" skipped="0">
  <testcase classname="test.SignupLoginTest" name="signupAndLogin" time="13.864"/>
</testsuite> <!-- test.SignupLoginTest -->
