<?xml version="1.0" encoding="UTF-8"?>
<!-- Generated by org.testng.reporters.JUnitReportReporter -->
<testsuite hostname="LAPTOP-1SFV9PNA" failures="0" tests="1" name="test.SignupLoginTest" time="16.630" errors="0" timestamp="2025-09-01T12:15:06 IST" skipped="0">
  <testcase classname="test.SignupLoginTest" name="signupAndLogin" time="16.630"/>
</testsuite> <!-- test.SignupLoginTest -->
