<?xml version="1.0" encoding="UTF-8"?>
<!-- Generated by org.testng.reporters.JUnitReportReporter -->
<testsuite hostname="LAPTOP-1SFV9PNA" failures="0" tests="1" name="test.WrongPasswordTest" time="7.099" errors="0" timestamp="2025-09-06T12:12:29 IST" skipped="0">
  <testcase classname="test.WrongPasswordTest" name="loginWithWrongPassword" time="7.099"/>
</testsuite> <!-- test.WrongPasswordTest -->
